<?xml version="1.0" encoding="UTF-8"?>
<testsuite name="com.ait.phonebook.tests.AddNewContactTests" tests="1" skipped="0" failures="0" errors="0" timestamp="2023-11-29T19:02:14" hostname="MBP-Igor" time="2.706">
  <properties/>
  <testcase name="addNewContactPositiveTest" classname="com.ait.phonebook.tests.AddNewContactTests" time="2.706"/>
  <system-out><![CDATA[]]></system-out>
  <system-err><![CDATA[]]></system-err>
</testsuite>
