<?xml version="1.0" encoding="UTF-8"?>
<testsuite name="com.ait.phonebook.tests.CreateNewAccount" tests="1" skipped="0" failures="0" errors="0" timestamp="2023-11-29T19:02:27" hostname="MBP-Igor" time="1.8">
  <properties/>
  <testcase name="registerExistedUserNegativeTest" classname="com.ait.phonebook.tests.CreateNewAccount" time="1.8"/>
  <system-out><![CDATA[]]></system-out>
  <system-err><![CDATA[]]></system-err>
</testsuite>
